0 info it worked if it ends with ok
1 verbose cli [ '/usr/bin/node', '/usr/bin/npm', 'run-script', 'start-dev' ]
2 info using npm@3.5.2
3 info using node@v6.11.4
4 verbose run-script [ 'prestart-dev', 'start-dev', 'poststart-dev' ]
5 info lifecycle react-node-app@1.0.0~prestart-dev: react-node-app@1.0.0
6 verbose lifecycle react-node-app@1.0.0~prestart-dev: unsafe-perm in lifecycle true
7 verbose lifecycle react-node-app@1.0.0~prestart-dev: PATH: /usr/share/npm/bin/node-gyp-bin:/home/mrgigabyte/ReactNodeApp/node_modules/.bin:/home/mrgigabyte/bin:/usr/local/sbin:/usr/local/bin:/usr/sbin:/usr/bin:/sbin:/bin:/usr/games:/usr/local/games:/snap/bin
8 verbose lifecycle react-node-app@1.0.0~prestart-dev: CWD: /home/mrgigabyte/ReactNodeApp
9 silly lifecycle react-node-app@1.0.0~prestart-dev: Args: [ '-c', 'eslint --ignore-path .gitignore .' ]
10 silly lifecycle react-node-app@1.0.0~prestart-dev: Returned: code: 1  signal: null
11 info lifecycle react-node-app@1.0.0~prestart-dev: Failed to exec prestart-dev script
12 verbose stack Error: react-node-app@1.0.0 prestart-dev: `eslint --ignore-path .gitignore .`
12 verbose stack Exit status 1
12 verbose stack     at EventEmitter.<anonymous> (/usr/share/npm/lib/utils/lifecycle.js:232:16)
12 verbose stack     at emitTwo (events.js:106:13)
12 verbose stack     at EventEmitter.emit (events.js:191:7)
12 verbose stack     at ChildProcess.<anonymous> (/usr/share/npm/lib/utils/spawn.js:24:14)
12 verbose stack     at emitTwo (events.js:106:13)
12 verbose stack     at ChildProcess.emit (events.js:191:7)
12 verbose stack     at maybeClose (internal/child_process.js:920:16)
12 verbose stack     at Process.ChildProcess._handle.onexit (internal/child_process.js:230:5)
13 verbose pkgid react-node-app@1.0.0
14 verbose cwd /home/mrgigabyte/ReactNodeApp
15 error Linux 4.13.0-43-generic
16 error argv "/usr/bin/node" "/usr/bin/npm" "run-script" "start-dev"
17 error node v6.11.4
18 error npm  v3.5.2
19 error code ELIFECYCLE
20 error react-node-app@1.0.0 prestart-dev: `eslint --ignore-path .gitignore .`
20 error Exit status 1
21 error Failed at the react-node-app@1.0.0 prestart-dev script 'eslint --ignore-path .gitignore .'.
21 error Make sure you have the latest version of node.js and npm installed.
21 error If you do, this is most likely a problem with the react-node-app package,
21 error not with npm itself.
21 error Tell the author that this fails on your system:
21 error     eslint --ignore-path .gitignore .
21 error You can get information on how to open an issue for this project with:
21 error     npm bugs react-node-app
21 error Or if that isn't available, you can get their info via:
21 error     npm owner ls react-node-app
21 error There is likely additional logging output above.
22 verbose exit [ 1, true ]
